c:\181-351-okunev\181-351-okunev-2sim\lab1 log and pas\x64\debug\lab1logandpas.obj
c:\181-351-okunev\181-351-okunev-2sim\lab1 log and pas\x64\debug\moc_change.obj
c:\181-351-okunev\181-351-okunev-2sim\lab1 log and pas\x64\debug\add.obj
c:\181-351-okunev\181-351-okunev-2sim\lab1 log and pas\x64\debug\menu.obj
c:\181-351-okunev\181-351-okunev-2sim\lab1 log and pas\x64\debug\classdb.obj
c:\181-351-okunev\181-351-okunev-2sim\lab1 log and pas\x64\debug\moc_menu.obj
c:\181-351-okunev\181-351-okunev-2sim\lab1 log and pas\x64\debug\change.obj
c:\181-351-okunev\181-351-okunev-2sim\lab1 log and pas\x64\debug\moc_add.obj
c:\181-351-okunev\181-351-okunev-2sim\lab1 log and pas\x64\debug\main.obj
c:\181-351-okunev\181-351-okunev-2sim\lab1 log and pas\x64\debug\moc_showdb.obj
c:\181-351-okunev\181-351-okunev-2sim\lab1 log and pas\x64\debug\qrc_lab1logandpas.obj
c:\181-351-okunev\181-351-okunev-2sim\lab1 log and pas\x64\debug\moc_lab1logandpas.obj
c:\181-351-okunev\181-351-okunev-2sim\lab1 log and pas\generatedfiles\ui_add.h
c:\181-351-okunev\181-351-okunev-2sim\lab1 log and pas\generatedfiles\ui_change.h
c:\181-351-okunev\181-351-okunev-2sim\lab1 log and pas\generatedfiles\ui_lab1logandpas.h
c:\181-351-okunev\181-351-okunev-2sim\lab1 log and pas\generatedfiles\ui_menu.h
c:\181-351-okunev\181-351-okunev-2sim\lab1 log and pas\generatedfiles\ui_showdb.h
c:\181-351-okunev\181-351-okunev-2sim\lab1 log and pas\generatedfiles\qrc_lab1logandpas.cpp
c:\181-351-okunev\181-351-okunev-2sim\lab1 log and pas\generatedfiles\debug\moc_lab1logandpas.cpp
c:\181-351-okunev\181-351-okunev-2sim\lab1 log and pas\generatedfiles\debug\moc_menu.cpp
c:\181-351-okunev\181-351-okunev-2sim\lab1 log and pas\generatedfiles\debug\moc_change.cpp
c:\181-351-okunev\181-351-okunev-2sim\lab1 log and pas\generatedfiles\debug\moc_showdb.cpp
c:\181-351-okunev\181-351-okunev-2sim\lab1 log and pas\generatedfiles\debug\moc_add.cpp
c:\181-351-okunev\181-351-okunev-2sim\lab1 log and pas\.\generatedfiles\debug\moc_lab1logandpas.cpp
c:\181-351-okunev\181-351-okunev-2sim\lab1 log and pas\.\generatedfiles\debug\moc_menu.cpp
c:\181-351-okunev\181-351-okunev-2sim\lab1 log and pas\.\generatedfiles\debug\moc_change.cpp
c:\181-351-okunev\181-351-okunev-2sim\lab1 log and pas\.\generatedfiles\debug\moc_showdb.cpp
c:\181-351-okunev\181-351-okunev-2sim\lab1 log and pas\.\generatedfiles\debug\moc_add.cpp
c:\181-351-okunev\181-351-okunev-2sim\lab1 log and pas\.\generatedfiles\qrc_lab1logandpas.cpp
c:\181-351-okunev\181-351-okunev-2sim\lab1 log and pas\.\generatedfiles\ui_add.h
c:\181-351-okunev\181-351-okunev-2sim\lab1 log and pas\.\generatedfiles\ui_change.h
c:\181-351-okunev\181-351-okunev-2sim\lab1 log and pas\.\generatedfiles\ui_lab1logandpas.h
c:\181-351-okunev\181-351-okunev-2sim\lab1 log and pas\.\generatedfiles\ui_menu.h
c:\181-351-okunev\181-351-okunev-2sim\lab1 log and pas\.\generatedfiles\ui_showdb.h
c:\181-351-okunev\181-351-okunev-2sim\lab1 log and pas\x64\debug\vc141.pdb
c:\181-351-okunev\181-351-okunev-2sim\lab1 log and pas\x64\debug\lab1 log and pas.tlog\cl.10948.write.1.tlog
c:\181-351-okunev\181-351-okunev-2sim\lab1 log and pas\x64\debug\lab1 log and pas.tlog\cl.command.1.tlog
c:\181-351-okunev\181-351-okunev-2sim\lab1 log and pas\x64\debug\lab1 log and pas.tlog\cl.read.1.tlog
c:\181-351-okunev\181-351-okunev-2sim\lab1 log and pas\x64\debug\lab1 log and pas.tlog\lab1 log and pas.write.1u.tlog
c:\181-351-okunev\181-351-okunev-2sim\lab1 log and pas\x64\debug\lab1 log and pas.tlog\moc.read.1u.tlog
c:\181-351-okunev\181-351-okunev-2sim\lab1 log and pas\x64\debug\lab1 log and pas.tlog\moc.write.1u.tlog
c:\181-351-okunev\181-351-okunev-2sim\lab1 log and pas\x64\debug\lab1 log and pas.tlog\rcc.read.1u.tlog
c:\181-351-okunev\181-351-okunev-2sim\lab1 log and pas\x64\debug\lab1 log and pas.tlog\rcc.write.1u.tlog
c:\181-351-okunev\181-351-okunev-2sim\lab1 log and pas\x64\debug\lab1 log and pas.tlog\uic.read.1u.tlog
c:\181-351-okunev\181-351-okunev-2sim\lab1 log and pas\x64\debug\lab1 log and pas.tlog\uic.write.1u.tlog
